<?xml version="1.0" encoding="UTF-8"?>
<!-- Generated by org.testng.reporters.JUnitReportReporter -->
<testsuite hostname="aravinda-pc" name="com.aravinda.app.testSuite03$Test01" tests="1" failures="0" timestamp="3 Oct 2016 06:06:08 GMT" time="7.285" errors="0">
  <testcase name="loginTest" time="7.285" classname="com.aravinda.app.testSuite03$Test01"/>
</testsuite> <!-- com.aravinda.app.testSuite03$Test01 -->
